<?xml version="1.0" encoding="UTF-8"?>
<testng-results skipped="0" failed="0" total="1" passed="1">
  <reporter-output>
  </reporter-output>
  <suite name="Command line suite" duration-ms="11467" started-at="2015-12-07T07:32:44Z" finished-at="2015-12-07T07:32:56Z">
    <groups>
    </groups>
    <test name="Command line test" duration-ms="11467" started-at="2015-12-07T07:32:44Z" finished-at="2015-12-07T07:32:56Z">
      <class name="test.TestLogInPage">
        <test-method status="PASS" signature="setUp()[pri:0, instance:test.TestLogInPage@3c09711b]" name="setUp" is-config="true" duration-ms="10949" started-at="2015-12-07T13:02:44Z" finished-at="2015-12-07T13:02:55Z">
          <reporter-output>
          </reporter-output>
        </test-method> <!-- setUp -->
        <test-method status="PASS" signature="createObjs()[pri:0, instance:test.TestLogInPage@3c09711b]" name="createObjs" is-config="true" duration-ms="28" started-at="2015-12-07T13:02:55Z" finished-at="2015-12-07T13:02:55Z">
          <reporter-output>
          </reporter-output>
        </test-method> <!-- createObjs -->
        <test-method status="PASS" signature="TestAutoLogIn()[pri:0, instance:test.TestLogInPage@3c09711b]" name="TestAutoLogIn" duration-ms="206" started-at="2015-12-07T13:02:55Z" finished-at="2015-12-07T13:02:55Z">
          <reporter-output>
          </reporter-output>
        </test-method> <!-- TestAutoLogIn -->
        <test-method status="PASS" signature="tearDown()[pri:0, instance:test.TestLogInPage@3c09711b]" name="tearDown" is-config="true" duration-ms="269" started-at="2015-12-07T13:02:55Z" finished-at="2015-12-07T13:02:56Z">
          <reporter-output>
          </reporter-output>
        </test-method> <!-- tearDown -->
      </class> <!-- test.TestLogInPage -->
    </test> <!-- Command line test -->
  </suite> <!-- Command line suite -->
</testng-results>
