<?xml version="1.0" encoding="UTF-8"?>
<testng-results skipped="0" failed="0" total="1" passed="1">
  <reporter-output>
  </reporter-output>
  <suite name="Suite" duration-ms="11019" started-at="2015-12-10T10:29:57Z" finished-at="2015-12-10T10:30:08Z">
    <groups>
    </groups>
    <test name="Test" duration-ms="11019" started-at="2015-12-10T10:29:57Z" finished-at="2015-12-10T10:30:08Z">
      <class name="test.LogInPageTest">
        <test-method status="PASS" signature="setUp()[pri:0, instance:test.LogInPageTest@3796751b]" name="setUp" is-config="true" duration-ms="10312" started-at="2015-12-10T15:59:57Z" finished-at="2015-12-10T16:00:07Z">
          <reporter-output>
          </reporter-output>
        </test-method> <!-- setUp -->
        <test-method status="PASS" signature="createObjs()[pri:0, instance:test.LogInPageTest@3796751b]" name="createObjs" is-config="true" duration-ms="31" started-at="2015-12-10T16:00:07Z" finished-at="2015-12-10T16:00:07Z">
          <reporter-output>
          </reporter-output>
        </test-method> <!-- createObjs -->
        <test-method status="PASS" signature="TestAutoLogIn()[pri:0, instance:test.LogInPageTest@3796751b]" name="TestAutoLogIn" duration-ms="215" started-at="2015-12-10T16:00:07Z" finished-at="2015-12-10T16:00:07Z">
          <reporter-output>
          </reporter-output>
        </test-method> <!-- TestAutoLogIn -->
        <test-method status="PASS" signature="tearDown()[pri:0, instance:test.LogInPageTest@3796751b]" name="tearDown" is-config="true" duration-ms="307" started-at="2015-12-10T16:00:07Z" finished-at="2015-12-10T16:00:08Z">
          <reporter-output>
          </reporter-output>
        </test-method> <!-- tearDown -->
      </class> <!-- test.LogInPageTest -->
    </test> <!-- Test -->
  </suite> <!-- Suite -->
</testng-results>
